<?xml version="1.0" encoding="UTF-8"?>
<robot generator="Robot 7.4.2 (Python 3.11.3 on win32)" generated="2026-04-25T21:29:48.381289" rpa="false" schemaversion="5">
<suite id="s1" name="Checkout Flow" source="D:\mobile-prueba-automatizacion\tests\checkout_flow.robot">
<kw name="Abrir Aplicacion Mobile" owner="common_keywords" type="SETUP">
<kw name="Open Application" owner="AppiumLibrary">
<arg>${APPIUM_SERVER}</arg>
<arg>platformName=Android</arg>
<arg>automationName=${ANDROID_AUTOMATION}</arg>
<arg>deviceName=${ANDROID_DEVICE}</arg>
<arg>app=${ANDROID_APP}</arg>
<doc>Opens a new application to the given Appium server.
Capabilities of appium server, Android and iOS,
Please check https://appium.io/docs/en/2.19/guides/caps/
| *Option*            | *Man.* | *Description*     |
| remote_url          | Yes    | Appium server url |
| alias               | No     | alias             |</doc>
<status status="PASS" start="2026-04-25T21:29:48.684874" elapsed="6.025034"/>
</kw>
<status status="PASS" start="2026-04-25T21:29:48.684874" elapsed="6.025034"/>
</kw>
<test id="s1-t1" name="Compra Exitosa Sauce Labs Backpack" line="14">
<kw name="Given que el usuario abre la aplicacion y se encuentra en Login" owner="login_page">
<kw name="Wait Until Element Is Visible" owner="AppiumLibrary">
<arg>accessibility_id=open menu</arg>
<arg>10s</arg>
<doc>Waits until the element specified by the ``locator`` is visible.</doc>
<status status="PASS" start="2026-04-25T21:29:54.710932" elapsed="0.990920"/>
</kw>
<kw name="Click Element" owner="AppiumLibrary">
<msg time="2026-04-25T21:29:55.704221" level="INFO">Clicking element 'accessibility_id=open menu'.</msg>
<arg>accessibility_id=open menu</arg>
<doc>Clicks the element identified by ``locator``.</doc>
<status status="PASS" start="2026-04-25T21:29:55.702861" elapsed="0.158742"/>
</kw>
<kw name="Wait Until Element Is Visible" owner="AppiumLibrary">
<msg time="2026-04-25T21:29:57.689844" level="INFO">xpath criteria: //*[@text="Log In" or @content-desc="Log In"]</msg>
<arg>xpath=//*[@text="Log In" or @content-desc="Log In"]</arg>
<arg>10s</arg>
<doc>Waits until the element specified by the ``locator`` is visible.</doc>
<status status="PASS" start="2026-04-25T21:29:55.862111" elapsed="1.827733"/>
</kw>
<kw name="Click Element" owner="AppiumLibrary">
<msg time="2026-04-25T21:29:57.691117" level="INFO">Clicking element 'xpath=//*[@text="Log In" or @content-desc="Log In"]'.</msg>
<msg time="2026-04-25T21:29:57.912303" level="INFO">xpath criteria: //*[@text="Log In" or @content-desc="Log In"]</msg>
<arg>xpath=//*[@text="Log In" or @content-desc="Log In"]</arg>
<doc>Clicks the element identified by ``locator``.</doc>
<status status="PASS" start="2026-04-25T21:29:57.689844" elapsed="0.222459"/>
</kw>
<status status="PASS" start="2026-04-25T21:29:54.710932" elapsed="3.201371"/>
</kw>
<kw name="When el usuario ingresa credenciales validas" owner="login_page">
<kw name="Wait Until Element Is Visible" owner="AppiumLibrary">
<arg>accessibility_id=Username input field</arg>
<arg>10s</arg>
<doc>Waits until the element specified by the ``locator`` is visible.</doc>
<status status="PASS" start="2026-04-25T21:29:57.913308" elapsed="1.478198"/>
</kw>
<kw name="Click Element" owner="AppiumLibrary">
<msg time="2026-04-25T21:29:59.392519" level="INFO">Clicking element 'accessibility_id=Username input field'.</msg>
<arg>accessibility_id=Username input field</arg>
<doc>Clicks the element identified by ``locator``.</doc>
<status status="PASS" start="2026-04-25T21:29:59.391506" elapsed="1.130396"/>
</kw>
<kw name="Input Text" owner="AppiumLibrary">
<msg time="2026-04-25T21:30:00.523501" level="INFO">Typing text 'bob@example.com' into text field 'accessibility_id=Username input field'</msg>
<arg>accessibility_id=Username input field</arg>
<arg>bob@example.com</arg>
<doc>Types the given ``text`` into the text field identified by ``locator``.</doc>
<status status="PASS" start="2026-04-25T21:30:00.521902" elapsed="0.096401"/>
</kw>
<kw name="Wait Until Element Is Visible" owner="AppiumLibrary">
<arg>accessibility_id=Password input field</arg>
<arg>10s</arg>
<doc>Waits until the element specified by the ``locator`` is visible.</doc>
<status status="PASS" start="2026-04-25T21:30:00.618303" elapsed="0.709323"/>
</kw>
<kw name="Click Element" owner="AppiumLibrary">
<msg time="2026-04-25T21:30:01.328130" level="INFO">Clicking element 'accessibility_id=Password input field'.</msg>
<arg>accessibility_id=Password input field</arg>
<doc>Clicks the element identified by ``locator``.</doc>
<status status="PASS" start="2026-04-25T21:30:01.327626" elapsed="0.940614"/>
</kw>
<kw name="Input Text" owner="AppiumLibrary">
<msg time="2026-04-25T21:30:02.269352" level="INFO">Typing text '10203040' into text field 'accessibility_id=Password input field'</msg>
<arg>accessibility_id=Password input field</arg>
<arg>10203040</arg>
<doc>Types the given ``text`` into the text field identified by ``locator``.</doc>
<status status="PASS" start="2026-04-25T21:30:02.268240" elapsed="0.059867"/>
</kw>
<kw name="Click Element" owner="AppiumLibrary">
<msg time="2026-04-25T21:30:02.329209" level="INFO">Clicking element 'accessibility_id=Login button'.</msg>
<arg>accessibility_id=Login button</arg>
<doc>Clicks the element identified by ``locator``.</doc>
<status status="PASS" start="2026-04-25T21:30:02.329209" elapsed="0.702858"/>
</kw>
<status status="PASS" start="2026-04-25T21:29:57.913308" elapsed="5.118759"/>
</kw>
<kw name="And selecciona el producto Sauce Labs Backpack para añadirlo al carrito" owner="products_page">
<kw name="Wait Until Element Is Visible" owner="AppiumLibrary">
<msg time="2026-04-25T21:30:04.040948" level="INFO">xpath criteria: //*[@text="Sauce Labs Backpack"]
xpath criteria: //*[@text="Sauce Labs Backpack"]</msg>
<arg>xpath=//*[@text="Sauce Labs Backpack"]</arg>
<arg>10s</arg>
<doc>Waits until the element specified by the ``locator`` is visible.</doc>
<status status="PASS" start="2026-04-25T21:30:03.033070" elapsed="1.007878"/>
</kw>
<kw name="Click Element" owner="AppiumLibrary">
<msg time="2026-04-25T21:30:04.042452" level="INFO">Clicking element 'xpath=//*[@text="Sauce Labs Backpack"]'.</msg>
<msg time="2026-04-25T21:30:04.236400" level="INFO">xpath criteria: //*[@text="Sauce Labs Backpack"]</msg>
<arg>xpath=//*[@text="Sauce Labs Backpack"]</arg>
<doc>Clicks the element identified by ``locator``.</doc>
<status status="PASS" start="2026-04-25T21:30:04.040948" elapsed="0.195452"/>
</kw>
<kw name="Wait Until Element Is Visible" owner="AppiumLibrary">
<arg>accessibility_id=Add To Cart button</arg>
<arg>10s</arg>
<doc>Waits until the element specified by the ``locator`` is visible.</doc>
<status status="PASS" start="2026-04-25T21:30:04.236400" elapsed="1.021729"/>
</kw>
<kw name="Click Element" owner="AppiumLibrary">
<msg time="2026-04-25T21:30:05.259491" level="INFO">Clicking element 'accessibility_id=Add To Cart button'.</msg>
<arg>accessibility_id=Add To Cart button</arg>
<doc>Clicks the element identified by ``locator``.</doc>
<status status="PASS" start="2026-04-25T21:30:05.258129" elapsed="0.085662"/>
</kw>
<kw name="Wait Until Element Is Visible" owner="AppiumLibrary">
<msg time="2026-04-25T21:30:05.433100" level="INFO">xpath criteria: //*[@content-desc="cart badge"]</msg>
<arg>xpath=//*[@content-desc="cart badge"]</arg>
<arg>10s</arg>
<doc>Waits until the element specified by the ``locator`` is visible.</doc>
<status status="PASS" start="2026-04-25T21:30:05.343791" elapsed="0.090313"/>
</kw>
<kw name="Click Element" owner="AppiumLibrary">
<msg time="2026-04-25T21:30:05.434611" level="INFO">Clicking element 'xpath=//*[@content-desc="cart badge"]'.</msg>
<msg time="2026-04-25T21:30:06.144770" level="INFO">xpath criteria: //*[@content-desc="cart badge"]</msg>
<arg>xpath=//*[@content-desc="cart badge"]</arg>
<doc>Clicks the element identified by ``locator``.</doc>
<status status="PASS" start="2026-04-25T21:30:05.434104" elapsed="0.711173"/>
</kw>
<status status="PASS" start="2026-04-25T21:30:03.033070" elapsed="3.112207"/>
</kw>
<kw name="And completa el Checkout con datos ficticios" owner="checkout_page">
<kw name="Abrir checkout desde carrito" owner="cart_page">
<kw name="Wait Until Element Is Visible" owner="AppiumLibrary">
<arg>accessibility_id=Proceed To Checkout button</arg>
<arg>10s</arg>
<doc>Waits until the element specified by the ``locator`` is visible.</doc>
<status status="PASS" start="2026-04-25T21:30:06.147806" elapsed="0.624559"/>
</kw>
<kw name="Click Element" owner="AppiumLibrary">
<msg time="2026-04-25T21:30:06.773380" level="INFO">Clicking element 'accessibility_id=Proceed To Checkout button'.</msg>
<arg>accessibility_id=Proceed To Checkout button</arg>
<doc>Clicks the element identified by ``locator``.</doc>
<status status="PASS" start="2026-04-25T21:30:06.772365" elapsed="0.086933"/>
</kw>
<status status="PASS" start="2026-04-25T21:30:06.147301" elapsed="0.711997"/>
</kw>
<kw name="Wait Until Element Is Visible" owner="AppiumLibrary">
<arg>accessibility_id=Full Name* input field</arg>
<arg>10s</arg>
<doc>Waits until the element specified by the ``locator`` is visible.</doc>
<status status="PASS" start="2026-04-25T21:30:06.860300" elapsed="1.081565"/>
</kw>
<kw name="Click Element" owner="AppiumLibrary">
<msg time="2026-04-25T21:30:07.942877" level="INFO">Clicking element 'accessibility_id=Full Name* input field'.</msg>
<arg>accessibility_id=Full Name* input field</arg>
<doc>Clicks the element identified by ``locator``.</doc>
<status status="PASS" start="2026-04-25T21:30:07.941865" elapsed="1.028161"/>
</kw>
<kw name="Input Text" owner="AppiumLibrary">
<msg time="2026-04-25T21:30:08.971062" level="INFO">Typing text 'Alex QA' into text field 'accessibility_id=Full Name* input field'</msg>
<arg>accessibility_id=Full Name* input field</arg>
<arg>Alex QA</arg>
<doc>Types the given ``text`` into the text field identified by ``locator``.</doc>
<status status="PASS" start="2026-04-25T21:30:08.970026" elapsed="0.756980"/>
</kw>
<kw name="Hide Keyboard" owner="AppiumLibrary">
<doc>Hides the software keyboard on the device if it is currently visible.</doc>
<status status="PASS" start="2026-04-25T21:30:09.727006" elapsed="0.622773"/>
</kw>
<kw name="Wait Until Element Is Visible" owner="AppiumLibrary">
<arg>accessibility_id=Address Line 1* input field</arg>
<arg>10s</arg>
<doc>Waits until the element specified by the ``locator`` is visible.</doc>
<status status="PASS" start="2026-04-25T21:30:10.350282" elapsed="0.528207"/>
</kw>
<kw name="Click Element" owner="AppiumLibrary">
<msg time="2026-04-25T21:30:10.879996" level="INFO">Clicking element 'accessibility_id=Address Line 1* input field'.</msg>
<arg>accessibility_id=Address Line 1* input field</arg>
<doc>Clicks the element identified by ``locator``.</doc>
<status status="PASS" start="2026-04-25T21:30:10.878489" elapsed="1.025861"/>
</kw>
<kw name="Input Text" owner="AppiumLibrary">
<msg time="2026-04-25T21:30:11.905348" level="INFO">Typing text 'Calle 123' into text field 'accessibility_id=Address Line 1* input field'</msg>
<arg>accessibility_id=Address Line 1* input field</arg>
<arg>Calle 123</arg>
<doc>Types the given ``text`` into the text field identified by ``locator``.</doc>
<status status="PASS" start="2026-04-25T21:30:11.904350" elapsed="0.738613"/>
</kw>
<kw name="Hide Keyboard" owner="AppiumLibrary">
<doc>Hides the software keyboard on the device if it is currently visible.</doc>
<status status="PASS" start="2026-04-25T21:30:12.642963" elapsed="0.564453"/>
</kw>
<kw name="Wait Until Element Is Visible" owner="AppiumLibrary">
<arg>accessibility_id=Address Line 2 input field</arg>
<arg>10s</arg>
<doc>Waits until the element specified by the ``locator`` is visible.</doc>
<status status="PASS" start="2026-04-25T21:30:13.208550" elapsed="0.539534"/>
</kw>
<kw name="Click Element" owner="AppiumLibrary">
<msg time="2026-04-25T21:30:13.749929" level="INFO">Clicking element 'accessibility_id=Address Line 2 input field'.</msg>
<arg>accessibility_id=Address Line 2 input field</arg>
<doc>Clicks the element identified by ``locator``.</doc>
<status status="PASS" start="2026-04-25T21:30:13.748084" elapsed="1.040531"/>
</kw>
<kw name="Input Text" owner="AppiumLibrary">
<msg time="2026-04-25T21:30:14.790121" level="INFO">Typing text 'Apto 202' into text field 'accessibility_id=Address Line 2 input field'</msg>
<arg>accessibility_id=Address Line 2 input field</arg>
<arg>Apto 202</arg>
<doc>Types the given ``text`` into the text field identified by ``locator``.</doc>
<status status="PASS" start="2026-04-25T21:30:14.788615" elapsed="0.867433"/>
</kw>
<kw name="Hide Keyboard" owner="AppiumLibrary">
<doc>Hides the software keyboard on the device if it is currently visible.</doc>
<status status="PASS" start="2026-04-25T21:30:15.657047" elapsed="0.545049"/>
</kw>
<kw name="Wait Until Element Is Visible" owner="AppiumLibrary">
<arg>accessibility_id=City* input field</arg>
<arg>10s</arg>
<doc>Waits until the element specified by the ``locator`` is visible.</doc>
<status status="PASS" start="2026-04-25T21:30:16.202096" elapsed="0.561897"/>
</kw>
<kw name="Click Element" owner="AppiumLibrary">
<msg time="2026-04-25T21:30:16.766019" level="INFO">Clicking element 'accessibility_id=City* input field'.</msg>
<arg>accessibility_id=City* input field</arg>
<doc>Clicks the element identified by ``locator``.</doc>
<status status="PASS" start="2026-04-25T21:30:16.763993" elapsed="1.291534"/>
</kw>
<kw name="Input Text" owner="AppiumLibrary">
<msg time="2026-04-25T21:30:18.057035" level="INFO">Typing text 'Bogota' into text field 'accessibility_id=City* input field'</msg>
<arg>accessibility_id=City* input field</arg>
<arg>Bogota</arg>
<doc>Types the given ``text`` into the text field identified by ``locator``.</doc>
<status status="PASS" start="2026-04-25T21:30:18.055527" elapsed="0.837067"/>
</kw>
<kw name="Hide Keyboard" owner="AppiumLibrary">
<doc>Hides the software keyboard on the device if it is currently visible.</doc>
<status status="PASS" start="2026-04-25T21:30:18.894103" elapsed="0.616634"/>
</kw>
<kw name="Wait Until Element Is Visible" owner="AppiumLibrary">
<arg>accessibility_id=State/Region input field</arg>
<arg>10s</arg>
<doc>Waits until the element specified by the ``locator`` is visible.</doc>
<status status="PASS" start="2026-04-25T21:30:19.510737" elapsed="0.563235"/>
</kw>
<kw name="Click Element" owner="AppiumLibrary">
<msg time="2026-04-25T21:30:20.076274" level="INFO">Clicking element 'accessibility_id=State/Region input field'.</msg>
<arg>accessibility_id=State/Region input field</arg>
<doc>Clicks the element identified by ``locator``.</doc>
<status status="PASS" start="2026-04-25T21:30:20.073972" elapsed="0.188207"/>
</kw>
<kw name="Input Text" owner="AppiumLibrary">
<msg time="2026-04-25T21:30:20.264219" level="INFO">Typing text 'Cundinamarca' into text field 'accessibility_id=State/Region input field'</msg>
<arg>accessibility_id=State/Region input field</arg>
<arg>Cundinamarca</arg>
<doc>Types the given ``text`` into the text field identified by ``locator``.</doc>
<status status="PASS" start="2026-04-25T21:30:20.263188" elapsed="1.805457"/>
</kw>
<kw name="Hide Keyboard" owner="AppiumLibrary">
<doc>Hides the software keyboard on the device if it is currently visible.</doc>
<status status="PASS" start="2026-04-25T21:30:22.068645" elapsed="0.636685"/>
</kw>
<kw name="Wait Until Element Is Visible" owner="AppiumLibrary">
<arg>accessibility_id=Zip Code* input field</arg>
<arg>10s</arg>
<doc>Waits until the element specified by the ``locator`` is visible.</doc>
<status status="PASS" start="2026-04-25T21:30:22.705330" elapsed="0.547005"/>
</kw>
<kw name="Click Element" owner="AppiumLibrary">
<msg time="2026-04-25T21:30:23.254652" level="INFO">Clicking element 'accessibility_id=Zip Code* input field'.</msg>
<arg>accessibility_id=Zip Code* input field</arg>
<doc>Clicks the element identified by ``locator``.</doc>
<status status="PASS" start="2026-04-25T21:30:23.252335" elapsed="1.286270"/>
</kw>
<kw name="Input Text" owner="AppiumLibrary">
<msg time="2026-04-25T21:30:24.540758" level="INFO">Typing text '110111' into text field 'accessibility_id=Zip Code* input field'</msg>
<arg>accessibility_id=Zip Code* input field</arg>
<arg>110111</arg>
<doc>Types the given ``text`` into the text field identified by ``locator``.</doc>
<status status="PASS" start="2026-04-25T21:30:24.539749" elapsed="0.851455"/>
</kw>
<kw name="Hide Keyboard" owner="AppiumLibrary">
<doc>Hides the software keyboard on the device if it is currently visible.</doc>
<status status="PASS" start="2026-04-25T21:30:25.391204" elapsed="0.577198"/>
</kw>
<kw name="Wait Until Element Is Visible" owner="AppiumLibrary">
<arg>accessibility_id=Country* input field</arg>
<arg>10s</arg>
<doc>Waits until the element specified by the ``locator`` is visible.</doc>
<status status="PASS" start="2026-04-25T21:30:25.968402" elapsed="0.528966"/>
</kw>
<kw name="Click Element" owner="AppiumLibrary">
<msg time="2026-04-25T21:30:26.499089" level="INFO">Clicking element 'accessibility_id=Country* input field'.</msg>
<arg>accessibility_id=Country* input field</arg>
<doc>Clicks the element identified by ``locator``.</doc>
<status status="PASS" start="2026-04-25T21:30:26.497970" elapsed="1.359316"/>
</kw>
<kw name="Input Text" owner="AppiumLibrary">
<msg time="2026-04-25T21:30:27.858298" level="INFO">Typing text 'Colombia' into text field 'accessibility_id=Country* input field'</msg>
<arg>accessibility_id=Country* input field</arg>
<arg>Colombia</arg>
<doc>Types the given ``text`` into the text field identified by ``locator``.</doc>
<status status="PASS" start="2026-04-25T21:30:27.857286" elapsed="0.865600"/>
</kw>
<kw name="Hide Keyboard" owner="AppiumLibrary">
<doc>Hides the software keyboard on the device if it is currently visible.</doc>
<status status="PASS" start="2026-04-25T21:30:28.722886" elapsed="0.570161"/>
</kw>
<kw name="Wait Until Element Is Visible" owner="AppiumLibrary">
<arg>accessibility_id=To Payment button</arg>
<arg>10s</arg>
<doc>Waits until the element specified by the ``locator`` is visible.</doc>
<status status="PASS" start="2026-04-25T21:30:29.294051" elapsed="0.514652"/>
</kw>
<kw name="Click Element" owner="AppiumLibrary">
<msg time="2026-04-25T21:30:29.809709" level="INFO">Clicking element 'accessibility_id=To Payment button'.</msg>
<arg>accessibility_id=To Payment button</arg>
<doc>Clicks the element identified by ``locator``.</doc>
<status status="PASS" start="2026-04-25T21:30:29.808703" elapsed="0.286066"/>
</kw>
<status status="PASS" start="2026-04-25T21:30:06.146294" elapsed="23.948475"/>
</kw>
<kw name="And completa el pago con datos ficticios" owner="payment_page">
<kw name="Wait Until Element Is Visible" owner="AppiumLibrary">
<arg>accessibility_id=Full Name* input field</arg>
<arg>10s</arg>
<doc>Waits until the element specified by the ``locator`` is visible.</doc>
<status status="PASS" start="2026-04-25T21:30:30.096283" elapsed="0.066521"/>
</kw>
<kw name="Click Element" owner="AppiumLibrary">
<msg time="2026-04-25T21:30:30.164322" level="INFO">Clicking element 'accessibility_id=Full Name* input field'.</msg>
<arg>accessibility_id=Full Name* input field</arg>
<doc>Clicks the element identified by ``locator``.</doc>
<status status="PASS" start="2026-04-25T21:30:30.162804" elapsed="1.308359"/>
</kw>
<kw name="Input Text" owner="AppiumLibrary">
<msg time="2026-04-25T21:30:31.472203" level="INFO">Typing text 'Alex QA' into text field 'accessibility_id=Full Name* input field'</msg>
<arg>accessibility_id=Full Name* input field</arg>
<arg>Alex QA</arg>
<doc>Types the given ``text`` into the text field identified by ``locator``.</doc>
<status status="PASS" start="2026-04-25T21:30:31.471163" elapsed="0.090370"/>
</kw>
<kw name="Hide Keyboard" owner="AppiumLibrary">
<doc>Hides the software keyboard on the device if it is currently visible.</doc>
<status status="PASS" start="2026-04-25T21:30:31.561533" elapsed="0.226688"/>
</kw>
<kw name="Wait Until Element Is Visible" owner="AppiumLibrary">
<arg>accessibility_id=Card Number* input field</arg>
<arg>10s</arg>
<doc>Waits until the element specified by the ``locator`` is visible.</doc>
<status status="PASS" start="2026-04-25T21:30:31.788726" elapsed="0.378736"/>
</kw>
<kw name="Click Element" owner="AppiumLibrary">
<msg time="2026-04-25T21:30:32.168484" level="INFO">Clicking element 'accessibility_id=Card Number* input field'.</msg>
<arg>accessibility_id=Card Number* input field</arg>
<doc>Clicks the element identified by ``locator``.</doc>
<status status="PASS" start="2026-04-25T21:30:32.168484" elapsed="0.986187"/>
</kw>
<kw name="Input Text" owner="AppiumLibrary">
<msg time="2026-04-25T21:30:33.156041" level="INFO">Typing text '4111111111111111' into text field 'accessibility_id=Card Number* input field'</msg>
<arg>accessibility_id=Card Number* input field</arg>
<arg>4111111111111111</arg>
<doc>Types the given ``text`` into the text field identified by ``locator``.</doc>
<status status="PASS" start="2026-04-25T21:30:33.154671" elapsed="0.753958"/>
</kw>
<kw name="Hide Keyboard" owner="AppiumLibrary">
<doc>Hides the software keyboard on the device if it is currently visible.</doc>
<status status="PASS" start="2026-04-25T21:30:33.908629" elapsed="1.876739"/>
</kw>
<kw name="Wait Until Element Is Visible" owner="AppiumLibrary">
<arg>accessibility_id=Expiration Date* input field</arg>
<arg>10s</arg>
<doc>Waits until the element specified by the ``locator`` is visible.</doc>
<status status="PASS" start="2026-04-25T21:30:35.785877" elapsed="0.512228"/>
</kw>
<kw name="Click Element" owner="AppiumLibrary">
<msg time="2026-04-25T21:30:36.299468" level="INFO">Clicking element 'accessibility_id=Expiration Date* input field'.</msg>
<arg>accessibility_id=Expiration Date* input field</arg>
<doc>Clicks the element identified by ``locator``.</doc>
<status status="PASS" start="2026-04-25T21:30:36.298105" elapsed="1.390712"/>
</kw>
<kw name="Input Text" owner="AppiumLibrary">
<msg time="2026-04-25T21:30:37.690324" level="INFO">Typing text '12/30' into text field 'accessibility_id=Expiration Date* input field'</msg>
<arg>accessibility_id=Expiration Date* input field</arg>
<arg>12/30</arg>
<doc>Types the given ``text`` into the text field identified by ``locator``.</doc>
<status status="PASS" start="2026-04-25T21:30:37.688817" elapsed="0.777298"/>
</kw>
<kw name="Hide Keyboard" owner="AppiumLibrary">
<doc>Hides the software keyboard on the device if it is currently visible.</doc>
<status status="PASS" start="2026-04-25T21:30:38.467130" elapsed="0.577525"/>
</kw>
<kw name="Wait Until Element Is Visible" owner="AppiumLibrary">
<arg>accessibility_id=Security Code* input field</arg>
<arg>10s</arg>
<doc>Waits until the element specified by the ``locator`` is visible.</doc>
<status status="PASS" start="2026-04-25T21:30:39.044655" elapsed="0.511728"/>
</kw>
<kw name="Click Element" owner="AppiumLibrary">
<msg time="2026-04-25T21:30:39.557888" level="INFO">Clicking element 'accessibility_id=Security Code* input field'.</msg>
<arg>accessibility_id=Security Code* input field</arg>
<doc>Clicks the element identified by ``locator``.</doc>
<status status="PASS" start="2026-04-25T21:30:39.557888" elapsed="0.286834"/>
</kw>
<kw name="Input Text" owner="AppiumLibrary">
<msg time="2026-04-25T21:30:39.847026" level="INFO">Typing text '123' into text field 'accessibility_id=Security Code* input field'</msg>
<arg>accessibility_id=Security Code* input field</arg>
<arg>123</arg>
<doc>Types the given ``text`` into the text field identified by ``locator``.</doc>
<status status="PASS" start="2026-04-25T21:30:39.844722" elapsed="1.532353"/>
</kw>
<kw name="Hide Keyboard" owner="AppiumLibrary">
<doc>Hides the software keyboard on the device if it is currently visible.</doc>
<status status="PASS" start="2026-04-25T21:30:41.377580" elapsed="1.810275"/>
</kw>
<kw name="Wait Until Page Contains" owner="AppiumLibrary">
<arg>Review Order</arg>
<arg>15s</arg>
<doc>Waits until the ``text`` appears on the current page.</doc>
<status status="PASS" start="2026-04-25T21:30:43.187855" elapsed="0.554560"/>
</kw>
<kw name="Click Element" owner="AppiumLibrary">
<msg time="2026-04-25T21:30:43.744960" level="INFO">Clicking element 'xpath=//*[@text="Review Order"]'.</msg>
<msg time="2026-04-25T21:30:44.110138" level="INFO">xpath criteria: //*[@text="Review Order"]</msg>
<arg>xpath=//*[@text="Review Order"]</arg>
<doc>Clicks the element identified by ``locator``.</doc>
<status status="PASS" start="2026-04-25T21:30:43.743919" elapsed="0.367930"/>
</kw>
<kw name="Wait Until Page Contains" owner="AppiumLibrary">
<arg>Place Order</arg>
<arg>20s</arg>
<doc>Waits until the ``text`` appears on the current page.</doc>
<status status="PASS" start="2026-04-25T21:30:44.111849" elapsed="1.335438"/>
</kw>
<kw name="Click Element" owner="AppiumLibrary">
<msg time="2026-04-25T21:30:45.448288" level="INFO">Clicking element 'xpath=//*[@text="Place Order"]'.</msg>
<msg time="2026-04-25T21:30:45.596652" level="INFO">xpath criteria: //*[@text="Place Order"]</msg>
<arg>xpath=//*[@text="Place Order"]</arg>
<doc>Clicks the element identified by ``locator``.</doc>
<status status="PASS" start="2026-04-25T21:30:45.447287" elapsed="0.149365"/>
</kw>
<status status="PASS" start="2026-04-25T21:30:30.096283" elapsed="15.500369"/>
</kw>
<kw name="Then el sistema muestra confirmacion de compra exitosa" owner="confirmation_page">
<kw name="Wait Until Element Is Visible" owner="AppiumLibrary">
<msg time="2026-04-25T21:30:46.817970" level="INFO">xpath criteria: //*[@text="Checkout Complete"]</msg>
<arg>xpath=//*[@text="Checkout Complete"]</arg>
<arg>15s</arg>
<doc>Waits until the element specified by the ``locator`` is visible.</doc>
<status status="PASS" start="2026-04-25T21:30:45.598162" elapsed="1.219808"/>
</kw>
<kw name="Page Should Contain Text" owner="AppiumLibrary">
<msg time="2026-04-25T21:30:46.863804" level="INFO">Current page contains text 'Checkout Complete'.</msg>
<arg>Checkout Complete</arg>
<doc>Verifies that the current page contains ``text``.</doc>
<status status="PASS" start="2026-04-25T21:30:46.817970" elapsed="0.045834"/>
</kw>
<kw name="Page Should Contain Text" owner="AppiumLibrary">
<msg time="2026-04-25T21:30:46.909920" level="INFO">Current page contains text 'Your new swag is on its way'.</msg>
<arg>Your new swag is on its way</arg>
<doc>Verifies that the current page contains ``text``.</doc>
<status status="PASS" start="2026-04-25T21:30:46.863804" elapsed="0.046116"/>
</kw>
<status status="PASS" start="2026-04-25T21:30:45.598162" elapsed="1.311758"/>
</kw>
<status status="PASS" start="2026-04-25T21:29:54.709908" elapsed="52.200530"/>
</test>
<kw name="Cerrar Aplicacion" owner="common_keywords" type="TEARDOWN">
<kw name="Close Application" owner="AppiumLibrary">
<doc>Closes the current application and the webdriver session.</doc>
<status status="PASS" start="2026-04-25T21:30:46.911970" elapsed="0.510064"/>
</kw>
<status status="PASS" start="2026-04-25T21:30:46.911970" elapsed="0.510064"/>
</kw>
<status status="PASS" start="2026-04-25T21:29:48.383295" elapsed="59.038739"/>
</suite>
<statistics>
<total>
<stat pass="1" fail="0" skip="0">All Tests</stat>
</total>
<tag>
</tag>
<suite>
<stat name="Checkout Flow" id="s1" pass="1" fail="0" skip="0">Checkout Flow</stat>
</suite>
</statistics>
<errors>
</errors>
</robot>
